2026-07-05 04:28:59,620 [INFO] ==================================================
2026-07-05 04:28:59,620 [INFO] Pipeline - Starting
2026-07-05 04:28:59,621 [INFO] [1/4] Scraping articles...
2026-07-05 04:29:00,706 [INFO]   Fetched 31 articles
2026-07-05 04:29:01,155 [INFO]   Saved 31 markdown files
2026-07-05 04:29:01,156 [INFO] [2/4] Detecting changes...
2026-07-05 04:29:01,343 [INFO]   31 added, 0 updated, 0 skipped
2026-07-05 04:29:01,344 [INFO] [3/4] Uploading 31 files to fileSearchStores/ukulelefilesearchstore-xacvz396r7kw...
2026-07-05 04:29:01,344 [INFO]   [1/31] chromeos-pwa-instructions.md
2026-07-05 04:29:12,012 [INFO]     -> Done (fileSearchStores/ukulelefilesearchstore-xacvz396r7kw/documents/chromeospwainstructionsmd-gb1jmpu9f82x)
2026-07-05 04:29:12,012 [INFO]   [2/31] connect-cisco-webex-rooms-to-optisigns-digital-signage.md
2026-07-05 04:29:21,331 [INFO]     -> Done (fileSearchStores/ukulelefilesearchstore-xacvz396r7kw/documents/connectciscowebexroomstoopt-ci1gp4qe2sok)
2026-07-05 04:29:21,331 [INFO]   [3/31] connect-google-meet-hardware-to-optisigns-digital-signage.md
2026-07-05 04:29:31,763 [INFO]     -> Done (fileSearchStores/ukulelefilesearchstore-xacvz396r7kw/documents/connectgooglemeethardwareto-v8hmv7wcu0d1)
2026-07-05 04:29:31,763 [INFO]   [4/31] connect-microsoft-teams-rooms-to-optisigns-digital-signage.md
2026-07-05 04:29:41,820 [INFO]     -> Done (fileSearchStores/ukulelefilesearchstore-xacvz396r7kw/documents/connectmicrosoftteamsroomst-zq5pj3u9fx2x)
2026-07-05 04:29:41,820 [INFO]   [5/31] connect-zoom-rooms-to-optisigns-digital-signage.md
2026-07-05 04:29:52,192 [INFO]     -> Done (fileSearchStores/ukulelefilesearchstore-xacvz396r7kw/documents/connectzoomroomstooptisigns-bjpfk8dng7jd)
2026-07-05 04:29:52,192 [INFO]   [6/31] designer-2-0-new-features.md
2026-07-05 04:30:01,985 [INFO]     -> Done (fileSearchStores/ukulelefilesearchstore-xacvz396r7kw/documents/designer20newfeaturesmd-7sawphudjmkg)
2026-07-05 04:30:01,985 [INFO]   [7/31] disk-encryption.md
2026-07-05 04:30:11,687 [INFO]     -> Done (fileSearchStores/ukulelefilesearchstore-xacvz396r7kw/documents/diskencryptionmd-oq20z4456qyc)
2026-07-05 04:30:11,687 [INFO]   [8/31] fixing-unexpected-screen-rotation-incorrect-orientation-with-optisigns-android-stick.md
2026-07-05 04:30:22,453 [INFO]     -> Done (fileSearchStores/ukulelefilesearchstore-xacvz396r7kw/documents/fixingunexpectedscreenrotat-1ggb8ddcatm2)
2026-07-05 04:30:22,453 [INFO]   [9/31] getting-started-with-an-optisigns-free-trial.md
2026-07-05 04:30:32,458 [INFO]     -> Done (fileSearchStores/ukulelefilesearchstore-xacvz396r7kw/documents/gettingstartedwithanoptisig-bv7ua5p2gd7n)
2026-07-05 04:30:32,458 [INFO]   [10/31] getting-started-with-designer.md
2026-07-05 04:30:42,812 [INFO]     -> Done (fileSearchStores/ukulelefilesearchstore-xacvz396r7kw/documents/gettingstartedwithdesignerm-e3oyssrx46gr)
2026-07-05 04:30:42,812 [INFO]   [11/31] handle-oauth-authentication-using-api-gateway-pre-request-configuration.md
2026-07-05 04:30:53,658 [INFO]     -> Done (fileSearchStores/ukulelefilesearchstore-xacvz396r7kw/documents/handleoauthauthenticationus-icurrrgt3vq4)
2026-07-05 04:30:53,658 [INFO]   [12/31] how-to-access-the-troubleshooting-page-of-the-optisigns-player.md
2026-07-05 04:31:04,087 [INFO]     -> Done (fileSearchStores/ukulelefilesearchstore-xacvz396r7kw/documents/howtoaccessthetroubleshooti-hzcfp2x9vox0)
2026-07-05 04:31:04,087 [INFO]   [13/31] how-to-display-a-snowflake-dashboard-with-optisigns.md
2026-07-05 04:31:14,738 [INFO]     -> Done (fileSearchStores/ukulelefilesearchstore-xacvz396r7kw/documents/howtodisplayasnowflakedashb-q1l5u1gpcfwe)
2026-07-05 04:31:14,738 [INFO]   [14/31] how-to-play-licensed-background-music-on-digital-signs-with-optisound.md
2026-07-05 04:31:26,484 [INFO]     -> Done (fileSearchStores/ukulelefilesearchstore-xacvz396r7kw/documents/howtoplaylicensedbackground-9xi1eqs1499t)
2026-07-05 04:31:26,484 [INFO]   [15/31] how-to-set-up-an-outlook-calendar-app-with-shared-permissions.md
2026-07-05 04:31:36,912 [INFO]     -> Done (fileSearchStores/ukulelefilesearchstore-xacvz396r7kw/documents/howtosetupanoutlookcalendar-it50cox4dojn)
2026-07-05 04:31:36,912 [INFO]   [16/31] how-to-use-optisigns-with-microsoft-teams-rooms.md
2026-07-05 04:31:48,704 [INFO]     -> Done (fileSearchStores/ukulelefilesearchstore-xacvz396r7kw/documents/howtouseoptisignswithmicros-njsw51yil7wx)
2026-07-05 04:31:48,704 [INFO]   [17/31] how-to-use-the-google-ads-dashboard-app.md
2026-07-05 04:32:01,811 [INFO]     -> Done (fileSearchStores/ukulelefilesearchstore-xacvz396r7kw/documents/howtousethegoogleadsdashboa-8dof5ec6hx65)
2026-07-05 04:32:01,811 [INFO]   [18/31] how-to-use-the-google-search-console-app.md
2026-07-05 04:32:14,499 [INFO]     -> Done (fileSearchStores/ukulelefilesearchstore-xacvz396r7kw/documents/howtousethegooglesearchcons-790a9xss09d1)
2026-07-05 04:32:14,499 [INFO]   [19/31] how-to-use-the-optidev-app.md
2026-07-05 04:32:26,209 [INFO]     -> Done (fileSearchStores/ukulelefilesearchstore-xacvz396r7kw/documents/howtousetheoptidevappmd-sjei11lrjkck)
2026-07-05 04:32:26,209 [INFO]   [20/31] how-to-use-the-tableau-app.md
2026-07-05 04:32:37,781 [INFO]     -> Done (fileSearchStores/ukulelefilesearchstore-xacvz396r7kw/documents/howtousethetableauappmd-3t1zmys7mgjt)
2026-07-05 04:32:37,781 [INFO]   [21/31] how-to-use-the-youtube-dashboard-app.md
2026-07-05 04:32:49,551 [INFO]     -> Done (fileSearchStores/ukulelefilesearchstore-xacvz396r7kw/documents/howtousetheyoutubedashboard-hv2rlfqte6t5)
2026-07-05 04:32:49,551 [INFO]   [22/31] how-to-use-youtube-with-optisigns.md
2026-07-05 04:33:02,180 [INFO]     -> Done (fileSearchStores/ukulelefilesearchstore-xacvz396r7kw/documents/howtouseyoutubewithoptisign-wiqjnmtja6nx)
2026-07-05 04:33:02,180 [INFO]   [23/31] operational-schedule-troubleshooting.md
2026-07-05 04:33:13,801 [INFO]     -> Done (fileSearchStores/ukulelefilesearchstore-xacvz396r7kw/documents/operationalscheduletroubles-uevqih523plu)
2026-07-05 04:33:13,801 [INFO]   [24/31] optisigns-digital-signage-app-for-zoom-adding-using-and-removing-the-app.md
2026-07-05 04:33:26,365 [INFO]     -> Done (fileSearchStores/ukulelefilesearchstore-xacvz396r7kw/documents/optisignsdigitalsignageappf-vifeyf0ywebr)
2026-07-05 04:33:26,365 [INFO]   [25/31] optisigns-pro-promax-player-troubleshooting-guide.md
2026-07-05 04:33:38,313 [INFO]     -> Done (fileSearchStores/ukulelefilesearchstore-xacvz396r7kw/documents/optisignspropromaxplayertro-lv2teaw5fzsk)
2026-07-05 04:33:38,313 [INFO]   [26/31] optistick-troubleshooting-guide.md
2026-07-05 04:33:51,010 [INFO]     -> Done (fileSearchStores/ukulelefilesearchstore-xacvz396r7kw/documents/optisticktroubleshootinggui-0rg5o6qx14ao)
2026-07-05 04:33:51,011 [INFO]   [27/31] room-integrations-turn-your-meeting-rooms-into-digital-signage.md
2026-07-05 04:34:04,284 [INFO]     -> Done (fileSearchStores/ukulelefilesearchstore-xacvz396r7kw/documents/roomintegrationsturnyourmee-o3ulhmq2rgzm)
2026-07-05 04:34:04,284 [INFO]   [28/31] tagging-in-optisigns.md
2026-07-05 04:34:16,250 [INFO]     -> Done (fileSearchStores/ukulelefilesearchstore-xacvz396r7kw/documents/tagginginoptisignsmd-hoa2fmmgeax8)
2026-07-05 04:34:16,250 [INFO]   [29/31] user-management-example-chain-restaurant-or-retail-store-with-multiple-locations.md
2026-07-05 04:34:29,624 [INFO]     -> Done (fileSearchStores/ukulelefilesearchstore-xacvz396r7kw/documents/usermanagementexamplechainr-730j3dyh0e6t)
2026-07-05 04:34:29,624 [INFO]   [30/31] using-an-enterprise-network-802-1x-with-optisigns.md
2026-07-05 04:34:41,730 [INFO]     -> Done (fileSearchStores/ukulelefilesearchstore-xacvz396r7kw/documents/usinganenterprisenetwork802-iekv6o9bywt7)
2026-07-05 04:34:41,731 [INFO]   [31/31] using-the-japan-earthquake-app.md
2026-07-05 04:34:54,421 [INFO]     -> Done (fileSearchStores/ukulelefilesearchstore-xacvz396r7kw/documents/usingthejapanearthquakeappm-nzlsda5nznyw)
2026-07-05 04:34:54,421 [INFO] [4/4] Saving hashes...
2026-07-05 04:34:54,422 [INFO]   Saved 31 records to hashes.json
2026-07-05 04:34:54,422 [INFO] Pipeline complete: 31 files uploaded
2026-07-05 04:34:54,423 [INFO] ==================================================
2026-07-05 12:13:31,683 [INFO] ==================================================
2026-07-05 12:13:31,684 [INFO] Pipeline - Starting
2026-07-05 12:13:31,684 [INFO] [1/4] Scraping articles...
2026-07-05 12:13:32,801 [INFO]   Fetched 31 articles
2026-07-05 12:13:33,338 [INFO]   Saved 31 markdown files
2026-07-05 12:13:33,338 [INFO] [2/4] Detecting changes...
2026-07-05 12:13:33,572 [INFO]   0 added, 0 updated, 31 skipped
2026-07-05 12:13:33,572 [INFO] [3/4] Uploading 0 files to fileSearchStores/ukulelefilesearchstore-xacvz396r7kw...
2026-07-05 12:13:33,572 [INFO] [4/4] Saving hashes...
2026-07-05 12:13:33,573 [INFO]   Saved 31 records to hashes.json
2026-07-05 12:13:33,573 [INFO] Pipeline complete: 0 files uploaded
2026-07-05 12:13:33,574 [INFO] ==================================================
2026-07-05 12:14:20,518 [INFO] ==================================================
2026-07-05 12:14:20,519 [INFO] Pipeline - Starting
2026-07-05 12:14:20,519 [INFO] [1/4] Scraping articles...
2026-07-05 12:14:21,242 [INFO]   Fetched 31 articles
2026-07-05 12:14:21,708 [INFO]   Saved 31 markdown files
2026-07-05 12:14:21,709 [INFO] [2/4] Detecting changes...
2026-07-05 12:14:24,235 [INFO]     Deleted old: fileSearchStores/ukulelefilesearchstore-xacvz396r7kw/documents/optisignsdigitalsignageappf-vifeyf0ywebr
2026-07-05 12:14:24,310 [INFO]   0 added, 1 updated, 30 skipped
2026-07-05 12:14:24,310 [INFO] [3/4] Uploading 1 files to fileSearchStores/ukulelefilesearchstore-xacvz396r7kw...
2026-07-05 12:14:24,310 [INFO]   [1/1] optisigns-digital-signage-app-for-zoom-adding-using-and-removing-the-app.md
2026-07-05 12:14:35,860 [INFO]     -> Done (fileSearchStores/ukulelefilesearchstore-xacvz396r7kw/documents/optisignsdigitalsignageappf-51bmxchx3i44)
2026-07-05 12:14:35,860 [INFO] [4/4] Saving hashes...
2026-07-05 12:14:35,861 [INFO]   Saved 31 records to hashes.json
2026-07-05 12:14:35,861 [INFO] Pipeline complete: 1 files uploaded
2026-07-05 12:14:35,861 [INFO] ==================================================
2026-07-05 12:29:39,045 [INFO] ==================================================
2026-07-05 12:29:39,045 [INFO] Pipeline - Starting
2026-07-05 12:29:39,046 [INFO] [1/3] Scraping articles...
2026-07-05 12:29:40,110 [INFO]   Fetched 31 articles
2026-07-05 12:29:40,579 [INFO]   Saved to articles/
2026-07-05 12:29:40,580 [INFO] [2/3] Syncing with store...
2026-07-05 12:29:43,785 [INFO]   58 docs in store
2026-07-05 12:29:45,556 [INFO]   [1/31] chromeos-pwa-instructions.md
2026-07-05 12:29:55,283 [INFO]     -> Done
2026-07-05 12:29:57,141 [INFO]   [2/31] connect-cisco-webex-rooms-to-optisigns-digital-signage.md
2026-07-05 12:30:06,378 [INFO]     -> Done
2026-07-05 12:30:08,121 [INFO]   [3/31] connect-google-meet-hardware-to-optisigns-digital-signage.md
2026-07-05 12:30:16,953 [INFO]     -> Done
2026-07-05 12:30:17,938 [INFO] ==================================================
2026-07-05 12:30:17,938 [INFO] Pipeline - Starting
2026-07-05 12:30:17,938 [INFO] [1/3] Scraping articles...
2026-07-05 12:30:18,762 [INFO]   [4/31] connect-microsoft-teams-rooms-to-optisigns-digital-signage.md
2026-07-05 12:30:19,134 [INFO]   Fetched 31 articles
2026-07-05 12:30:19,655 [INFO]   Saved to articles/
2026-07-05 12:30:19,656 [INFO] [2/3] Syncing with store...
2026-07-05 12:30:22,399 [INFO]   58 docs in store
2026-07-05 12:30:23,720 [INFO]   [1/31] chromeos-pwa-instructions.md
2026-07-05 12:30:27,212 [INFO]     -> Done
2026-07-05 12:30:28,344 [INFO]   [5/31] connect-zoom-rooms-to-optisigns-digital-signage.md
2026-07-05 12:30:33,287 [INFO]     -> Done
2026-07-05 12:30:34,495 [INFO]   [2/31] connect-cisco-webex-rooms-to-optisigns-digital-signage.md
2026-07-05 12:30:37,650 [INFO]     -> Done
2026-07-05 12:30:39,478 [INFO]   [6/31] designer-2-0-new-features.md
2026-07-05 12:30:43,745 [INFO]     -> Done
2026-07-05 12:30:46,099 [INFO]   [3/31] connect-google-meet-hardware-to-optisigns-digital-signage.md
2026-07-05 12:30:48,941 [INFO]     -> Done
2026-07-05 12:30:50,619 [INFO]   [7/31] disk-encryption.md
2026-07-05 12:30:55,434 [INFO]     -> Done
2026-07-05 12:30:57,167 [INFO]   [4/31] connect-microsoft-teams-rooms-to-optisigns-digital-signage.md
2026-07-05 12:30:59,616 [INFO]     -> Done
2026-07-05 12:31:00,760 [INFO]   [8/31] fixing-unexpected-screen-rotation-incorrect-orientation-with-optisigns-android-stick.md
2026-07-05 12:31:06,434 [INFO]     -> Done
2026-07-05 12:31:07,410 [WARNING]   Could not delete connect-zoom-rooms-to-optisigns-digital-signage.md: 404 NOT_FOUND. {'error': {'code': 404, 'message': 'Documents does not exist', 'status': 'NOT_FOUND'}}
2026-07-05 12:31:07,410 [INFO]   [5/31] connect-zoom-rooms-to-optisigns-digital-signage.md
2026-07-05 12:31:09,814 [INFO]     -> Done
2026-07-05 12:31:11,547 [INFO]   [9/31] getting-started-with-an-optisigns-free-trial.md
2026-07-05 12:31:16,032 [INFO]     -> Done
2026-07-05 12:31:16,933 [WARNING]   Could not delete designer-2-0-new-features.md: 404 NOT_FOUND. {'error': {'code': 404, 'message': 'Documents does not exist', 'status': 'NOT_FOUND'}}
2026-07-05 12:31:16,934 [INFO]   [6/31] designer-2-0-new-features.md
2026-07-05 12:31:20,748 [INFO]     -> Done
2026-07-05 12:31:22,033 [INFO]   [10/31] getting-started-with-designer.md
2026-07-05 12:31:25,202 [INFO]     -> Done
2026-07-05 12:31:25,639 [WARNING]   Could not delete disk-encryption.md: 404 NOT_FOUND. {'error': {'code': 404, 'message': 'Documents does not exist', 'status': 'NOT_FOUND'}}
2026-07-05 12:31:25,640 [INFO]   [7/31] disk-encryption.md
2026-07-05 12:31:31,473 [INFO]     -> Done
2026-07-05 12:31:32,671 [INFO]   [11/31] handle-oauth-authentication-using-api-gateway-pre-request-configuration.md
2026-07-05 12:31:34,479 [INFO]     -> Done
2026-07-05 12:31:34,841 [WARNING]   Could not delete fixing-unexpected-screen-rotation-incorrect-orientation-with-optisigns-android-stick.md: 404 NOT_FOUND. {'error': {'code': 404, 'message': 'Documents does not exist', 'status': 'NOT_FOUND'}}
2026-07-05 12:31:34,841 [INFO]   [8/31] fixing-unexpected-screen-rotation-incorrect-orientation-with-optisigns-android-stick.md
2026-07-05 12:31:42,322 [INFO]     -> Done
2026-07-05 12:31:43,448 [INFO]   [12/31] how-to-access-the-troubleshooting-page-of-the-optisigns-player.md
2026-07-05 12:31:44,851 [INFO]     -> Done
2026-07-05 12:31:45,185 [WARNING]   Could not delete getting-started-with-an-optisigns-free-trial.md: 404 NOT_FOUND. {'error': {'code': 404, 'message': 'Documents does not exist', 'status': 'NOT_FOUND'}}
2026-07-05 12:31:45,185 [INFO]   [9/31] getting-started-with-an-optisigns-free-trial.md
2026-07-05 12:31:52,194 [INFO]     -> Done
2026-07-05 12:31:53,868 [INFO]   [13/31] how-to-display-a-snowflake-dashboard-with-optisigns.md
2026-07-05 12:31:54,300 [INFO]     -> Done
2026-07-05 12:31:54,710 [WARNING]   Could not delete getting-started-with-designer.md: 404 NOT_FOUND. {'error': {'code': 404, 'message': 'Documents does not exist', 'status': 'NOT_FOUND'}}
2026-07-05 12:31:54,711 [INFO]   [10/31] getting-started-with-designer.md
2026-07-05 12:32:02,340 [INFO]     -> Done
2026-07-05 12:32:02,928 [INFO]     -> Done
2026-07-05 12:32:03,407 [WARNING]   Could not delete handle-oauth-authentication-using-api-gateway-pre-request-configuration.md: 404 NOT_FOUND. {'error': {'code': 404, 'message': 'Documents does not exist', 'status': 'NOT_FOUND'}}
2026-07-05 12:32:03,407 [INFO]   [11/31] handle-oauth-authentication-using-api-gateway-pre-request-configuration.md
2026-07-05 12:32:04,467 [INFO]   [14/31] how-to-play-licensed-background-music-on-digital-signs-with-optisound.md
2026-07-05 12:32:11,655 [INFO]     -> Done
2026-07-05 12:32:12,081 [WARNING]   Could not delete how-to-access-the-troubleshooting-page-of-the-optisigns-player.md: 404 NOT_FOUND. {'error': {'code': 404, 'message': 'Documents does not exist', 'status': 'NOT_FOUND'}}
2026-07-05 12:32:12,081 [INFO]   [12/31] how-to-access-the-troubleshooting-page-of-the-optisigns-player.md
2026-07-05 12:32:13,398 [INFO]     -> Done
2026-07-05 12:32:14,452 [INFO]   [15/31] how-to-set-up-an-outlook-calendar-app-with-shared-permissions.md
2026-07-05 12:32:21,332 [INFO]     -> Done
2026-07-05 12:32:21,749 [WARNING]   Could not delete how-to-display-a-snowflake-dashboard-with-optisigns.md: 404 NOT_FOUND. {'error': {'code': 404, 'message': 'Documents does not exist', 'status': 'NOT_FOUND'}}
2026-07-05 12:32:21,750 [INFO]   [13/31] how-to-display-a-snowflake-dashboard-with-optisigns.md
2026-07-05 12:32:22,783 [INFO]     -> Done
2026-07-05 12:32:24,542 [INFO]   [16/31] how-to-use-optisigns-with-microsoft-teams-rooms.md
2026-07-05 12:32:30,353 [INFO]     -> Done
2026-07-05 12:32:31,368 [WARNING]   Could not delete how-to-play-licensed-background-music-on-digital-signs-with-optisound.md: 404 NOT_FOUND. {'error': {'code': 404, 'message': 'Documents does not exist', 'status': 'NOT_FOUND'}}
2026-07-05 12:32:31,368 [INFO]   [14/31] how-to-play-licensed-background-music-on-digital-signs-with-optisound.md
2026-07-05 12:32:33,346 [INFO]     -> Done
2026-07-05 12:32:34,999 [INFO]   [17/31] how-to-use-the-google-ads-dashboard-app.md
2026-07-05 12:32:39,588 [INFO]     -> Done
2026-07-05 12:32:40,030 [WARNING]   Could not delete how-to-set-up-an-outlook-calendar-app-with-shared-permissions.md: 404 NOT_FOUND. {'error': {'code': 404, 'message': 'Documents does not exist', 'status': 'NOT_FOUND'}}
2026-07-05 12:32:40,030 [INFO]   [15/31] how-to-set-up-an-outlook-calendar-app-with-shared-permissions.md
2026-07-05 12:32:43,255 [INFO]     -> Done
2026-07-05 12:32:44,930 [INFO]   [18/31] how-to-use-the-google-search-console-app.md
2026-07-05 12:32:49,029 [INFO]     -> Done
2026-07-05 12:32:49,446 [WARNING]   Could not delete how-to-use-optisigns-with-microsoft-teams-rooms.md: 404 NOT_FOUND. {'error': {'code': 404, 'message': 'Documents does not exist', 'status': 'NOT_FOUND'}}
2026-07-05 12:32:49,446 [INFO]   [16/31] how-to-use-optisigns-with-microsoft-teams-rooms.md
2026-07-05 12:32:53,168 [INFO]     -> Done
2026-07-05 12:32:54,817 [INFO]   [19/31] how-to-use-the-optidev-app.md
2026-07-05 12:32:58,348 [INFO]     -> Done
2026-07-05 12:32:58,766 [WARNING]   Could not delete how-to-use-the-google-ads-dashboard-app.md: 404 NOT_FOUND. {'error': {'code': 404, 'message': 'Documents does not exist', 'status': 'NOT_FOUND'}}
2026-07-05 12:32:58,766 [INFO]   [17/31] how-to-use-the-google-ads-dashboard-app.md
2026-07-05 12:33:03,700 [INFO]     -> Done
2026-07-05 12:33:05,467 [INFO]   [20/31] how-to-use-the-tableau-app.md
2026-07-05 12:33:07,412 [INFO]     -> Done
2026-07-05 12:33:07,759 [WARNING]   Could not delete how-to-use-the-google-search-console-app.md: 404 NOT_FOUND. {'error': {'code': 404, 'message': 'Documents does not exist', 'status': 'NOT_FOUND'}}
2026-07-05 12:33:07,759 [INFO]   [18/31] how-to-use-the-google-search-console-app.md
2026-07-05 12:33:14,321 [INFO]     -> Done
2026-07-05 12:33:15,519 [INFO]   [21/31] how-to-use-the-youtube-dashboard-app.md
2026-07-05 12:33:16,738 [INFO]     -> Done
2026-07-05 12:33:17,176 [WARNING]   Could not delete how-to-use-the-optidev-app.md: 404 NOT_FOUND. {'error': {'code': 404, 'message': 'Documents does not exist', 'status': 'NOT_FOUND'}}
2026-07-05 12:33:17,176 [INFO]   [19/31] how-to-use-the-optidev-app.md
2026-07-05 12:33:24,667 [INFO]     -> Done
2026-07-05 12:33:25,696 [INFO]     -> Done
2026-07-05 12:33:26,130 [WARNING]   Could not delete how-to-use-the-tableau-app.md: 404 NOT_FOUND. {'error': {'code': 404, 'message': 'Documents does not exist', 'status': 'NOT_FOUND'}}
2026-07-05 12:33:26,130 [INFO]   [20/31] how-to-use-the-tableau-app.md
2026-07-05 12:33:26,334 [INFO]   [22/31] how-to-use-youtube-with-optisigns.md
2026-07-05 12:33:34,548 [INFO]     -> Done
2026-07-05 12:33:34,884 [WARNING]   Could not delete how-to-use-the-youtube-dashboard-app.md: 404 NOT_FOUND. {'error': {'code': 404, 'message': 'Documents does not exist', 'status': 'NOT_FOUND'}}
2026-07-05 12:33:34,884 [INFO]   [21/31] how-to-use-the-youtube-dashboard-app.md
2026-07-05 12:33:34,890 [INFO]     -> Done
2026-07-05 12:33:37,100 [INFO]   [23/31] operational-schedule-troubleshooting.md
2026-07-05 12:33:43,607 [INFO]     -> Done
2026-07-05 12:33:44,042 [WARNING]   Could not delete how-to-use-youtube-with-optisigns.md: 404 NOT_FOUND. {'error': {'code': 404, 'message': 'Documents does not exist', 'status': 'NOT_FOUND'}}
2026-07-05 12:33:44,042 [INFO]   [22/31] how-to-use-youtube-with-optisigns.md
2026-07-05 12:33:46,031 [INFO]     -> Done
2026-07-05 12:33:47,665 [INFO]   [24/31] optisigns-digital-signage-app-for-zoom-adding-using-and-removing-the-app.md
2026-07-05 12:33:52,997 [INFO]     -> Done
2026-07-05 12:33:53,401 [WARNING]   Could not delete operational-schedule-troubleshooting.md: 404 NOT_FOUND. {'error': {'code': 404, 'message': 'Documents does not exist', 'status': 'NOT_FOUND'}}
2026-07-05 12:33:53,401 [INFO]   [23/31] operational-schedule-troubleshooting.md
2026-07-05 12:33:56,954 [INFO]     -> Done
2026-07-05 12:33:58,422 [INFO]   [25/31] optisigns-pro-promax-player-troubleshooting-guide.md
2026-07-05 12:34:03,016 [INFO]     -> Done
2026-07-05 12:34:03,433 [WARNING]   Could not delete optisigns-digital-signage-app-for-zoom-adding-using-and-removing-the-app.md: 404 NOT_FOUND. {'error': {'code': 404, 'message': 'Documents does not exist', 'status': 'NOT_FOUND'}}
2026-07-05 12:34:03,433 [INFO]   [24/31] optisigns-digital-signage-app-for-zoom-adding-using-and-removing-the-app.md
2026-07-05 12:34:07,330 [INFO]     -> Done
2026-07-05 12:34:09,077 [INFO]   [26/31] optistick-troubleshooting-guide.md
2026-07-05 12:34:11,846 [INFO]     -> Done
2026-07-05 12:34:12,181 [WARNING]   Could not delete optisigns-pro-promax-player-troubleshooting-guide.md: 404 NOT_FOUND. {'error': {'code': 404, 'message': 'Documents does not exist', 'status': 'NOT_FOUND'}}
2026-07-05 12:34:12,181 [INFO]   [25/31] optisigns-pro-promax-player-troubleshooting-guide.md
2026-07-05 12:34:17,536 [INFO]     -> Done
2026-07-05 12:34:19,270 [INFO]   [27/31] room-integrations-turn-your-meeting-rooms-into-digital-signage.md
2026-07-05 12:34:21,281 [INFO]     -> Done
2026-07-05 12:34:21,817 [WARNING]   Could not delete optistick-troubleshooting-guide.md: 404 NOT_FOUND. {'error': {'code': 404, 'message': 'Documents does not exist', 'status': 'NOT_FOUND'}}
2026-07-05 12:34:21,817 [INFO]   [26/31] optistick-troubleshooting-guide.md
2026-07-05 12:34:28,245 [INFO]     -> Done
2026-07-05 12:34:29,450 [INFO]   [28/31] tagging-in-optisigns.md
2026-07-05 12:34:30,028 [INFO]     -> Done
2026-07-05 12:34:30,440 [WARNING]   Could not delete room-integrations-turn-your-meeting-rooms-into-digital-signage.md: 404 NOT_FOUND. {'error': {'code': 404, 'message': 'Documents does not exist', 'status': 'NOT_FOUND'}}
2026-07-05 12:34:30,440 [INFO]   [27/31] room-integrations-turn-your-meeting-rooms-into-digital-signage.md
2026-07-05 12:34:38,539 [INFO]     -> Done
2026-07-05 12:34:38,809 [INFO]     -> Done
2026-07-05 12:34:39,234 [WARNING]   Could not delete tagging-in-optisigns.md: 404 NOT_FOUND. {'error': {'code': 404, 'message': 'Documents does not exist', 'status': 'NOT_FOUND'}}
2026-07-05 12:34:39,234 [INFO]   [28/31] tagging-in-optisigns.md
2026-07-05 12:34:40,267 [INFO]   [29/31] user-management-example-chain-restaurant-or-retail-store-with-multiple-locations.md
2026-07-05 12:34:48,038 [INFO]     -> Done
2026-07-05 12:34:48,460 [WARNING]   Could not delete user-management-example-chain-restaurant-or-retail-store-with-multiple-locations.md: 404 NOT_FOUND. {'error': {'code': 404, 'message': 'Documents does not exist', 'status': 'NOT_FOUND'}}
2026-07-05 12:34:48,461 [INFO]   [29/31] user-management-example-chain-restaurant-or-retail-store-with-multiple-locations.md
2026-07-05 12:34:49,542 [INFO]     -> Done
2026-07-05 12:34:50,741 [INFO]   [30/31] using-an-enterprise-network-802-1x-with-optisigns.md
2026-07-05 12:34:57,395 [INFO]     -> Done
2026-07-05 12:34:57,821 [WARNING]   Could not delete using-an-enterprise-network-802-1x-with-optisigns.md: 404 NOT_FOUND. {'error': {'code': 404, 'message': 'Documents does not exist', 'status': 'NOT_FOUND'}}
2026-07-05 12:34:57,822 [INFO]   [30/31] using-an-enterprise-network-802-1x-with-optisigns.md
2026-07-05 12:34:59,780 [INFO]     -> Done
2026-07-05 12:35:00,919 [INFO]   [31/31] using-the-japan-earthquake-app.md
2026-07-05 12:35:06,028 [INFO]     -> Done
2026-07-05 12:35:06,449 [WARNING]   Could not delete using-the-japan-earthquake-app.md: 404 NOT_FOUND. {'error': {'code': 404, 'message': 'Documents does not exist', 'status': 'NOT_FOUND'}}
2026-07-05 12:35:06,449 [INFO]   [31/31] using-the-japan-earthquake-app.md
2026-07-05 12:35:09,122 [INFO]     -> Done
2026-07-05 12:35:09,122 [INFO] [3/3] Summary
2026-07-05 12:35:09,122 [INFO]   Added:   0
2026-07-05 12:35:09,122 [INFO]   Updated: 31
2026-07-05 12:35:09,123 [INFO]   Deleted: 0
2026-07-05 12:35:09,123 [INFO] Pipeline complete: 31 files synced
2026-07-05 12:35:09,123 [INFO] ==================================================
2026-07-05 12:35:15,040 [INFO]     -> Done
2026-07-05 12:35:15,040 [INFO] [3/3] Summary
2026-07-05 12:35:15,041 [INFO]   Added:   0
2026-07-05 12:35:15,041 [INFO]   Updated: 31
2026-07-05 12:35:15,041 [INFO]   Deleted: 0
2026-07-05 12:35:15,041 [INFO] Pipeline complete: 31 files synced
2026-07-05 12:35:15,042 [INFO] ==================================================
2026-07-05 12:38:20,126 [INFO] ==================================================
2026-07-05 12:38:20,127 [INFO] Pipeline - Starting
2026-07-05 12:38:20,127 [INFO] [1/3] Scraping articles...
2026-07-05 12:38:21,285 [INFO]   Fetched 31 articles
2026-07-05 12:38:21,797 [INFO]   Saved to articles/
2026-07-05 12:38:21,797 [INFO] [2/3] Syncing with store...
2026-07-05 12:38:25,823 [INFO]   85 docs in store
2026-07-05 12:38:30,638 [INFO]   [1/31] chromeos-pwa-instructions.md
2026-07-05 12:38:39,003 [INFO]     -> Done
2026-07-05 12:38:43,846 [INFO]   [2/31] connect-cisco-webex-rooms-to-optisigns-digital-signage.md
2026-07-05 12:38:52,586 [INFO]     -> Done
2026-07-05 12:38:58,403 [INFO]   [3/31] connect-google-meet-hardware-to-optisigns-digital-signage.md
2026-07-05 12:39:07,421 [INFO]     -> Done
2026-07-05 12:39:11,620 [INFO]   [4/31] connect-microsoft-teams-rooms-to-optisigns-digital-signage.md
2026-07-05 12:39:20,527 [INFO]     -> Done
2026-07-05 12:39:28,194 [INFO]   [5/31] connect-zoom-rooms-to-optisigns-digital-signage.md
2026-07-05 12:39:36,343 [INFO]     -> Done
2026-07-05 12:39:42,895 [INFO]   [6/31] designer-2-0-new-features.md
2026-07-05 12:39:51,533 [INFO]     -> Done
2026-07-05 12:39:59,847 [INFO]   [7/31] disk-encryption.md
2026-07-05 12:40:08,428 [INFO]     -> Done
2026-07-05 12:40:14,057 [INFO]   [8/31] fixing-unexpected-screen-rotation-incorrect-orientation-with-optisigns-android-stick.md
2026-07-05 12:40:22,910 [INFO]     -> Done
2026-07-05 12:40:30,620 [INFO]   [9/31] getting-started-with-an-optisigns-free-trial.md
2026-07-05 12:40:39,568 [INFO]     -> Done
2026-07-05 12:40:45,213 [INFO]   [10/31] getting-started-with-designer.md
2026-07-05 12:40:54,061 [INFO]     -> Done
2026-07-05 12:41:00,643 [INFO]   [11/31] handle-oauth-authentication-using-api-gateway-pre-request-configuration.md
2026-07-05 12:41:08,979 [INFO]     -> Done
2026-07-05 12:41:15,315 [INFO]   [12/31] how-to-access-the-troubleshooting-page-of-the-optisigns-player.md
2026-07-05 12:41:23,748 [INFO]     -> Done
2026-07-05 12:41:28,798 [INFO]   [13/31] how-to-display-a-snowflake-dashboard-with-optisigns.md
2026-07-05 12:41:37,437 [INFO]     -> Done
2026-07-05 12:41:42,580 [INFO]   [14/31] how-to-play-licensed-background-music-on-digital-signs-with-optisound.md
2026-07-05 12:41:50,687 [INFO]     -> Done
2026-07-05 12:41:55,757 [INFO]   [15/31] how-to-set-up-an-outlook-calendar-app-with-shared-permissions.md
2026-07-05 12:42:04,610 [INFO]     -> Done
2026-07-05 12:42:08,293 [INFO]   [16/31] how-to-use-optisigns-with-microsoft-teams-rooms.md
2026-07-05 12:42:16,496 [INFO]     -> Done
2026-07-05 12:42:19,462 [INFO]   [17/31] how-to-use-the-google-ads-dashboard-app.md
2026-07-05 12:42:27,812 [INFO]     -> Done
2026-07-05 12:42:31,257 [INFO]   [18/31] how-to-use-the-google-search-console-app.md
2026-07-05 12:42:39,952 [INFO]     -> Done
2026-07-05 12:42:43,814 [INFO]   [19/31] how-to-use-the-optidev-app.md
2026-07-05 12:42:51,994 [INFO]     -> Done
2026-07-05 12:42:55,059 [INFO]   [20/31] how-to-use-the-tableau-app.md
2026-07-05 12:43:03,811 [INFO]     -> Done
2026-07-05 12:43:07,698 [INFO]   [21/31] how-to-use-the-youtube-dashboard-app.md
2026-07-05 12:43:16,415 [INFO]     -> Done
2026-07-05 12:43:20,288 [INFO]   [22/31] how-to-use-youtube-with-optisigns.md
2026-07-05 12:43:29,740 [INFO]     -> Done
2026-07-05 12:43:33,163 [INFO]   [23/31] operational-schedule-troubleshooting.md
2026-07-05 12:43:41,497 [INFO]     -> Done
2026-07-05 12:43:45,025 [INFO]   [24/31] optisigns-digital-signage-app-for-zoom-adding-using-and-removing-the-app.md
2026-07-05 12:43:53,709 [INFO]     -> Done
2026-07-05 12:43:57,127 [INFO]   [25/31] optisigns-pro-promax-player-troubleshooting-guide.md
2026-07-05 12:44:05,910 [INFO]     -> Done
2026-07-05 12:44:08,753 [INFO]   [26/31] optistick-troubleshooting-guide.md
2026-07-05 12:44:18,086 [INFO]     -> Done
2026-07-05 12:44:21,032 [INFO]   [27/31] room-integrations-turn-your-meeting-rooms-into-digital-signage.md
2026-07-05 12:44:29,464 [INFO]     -> Done
2026-07-05 12:44:32,429 [INFO]   [28/31] tagging-in-optisigns.md
2026-07-05 12:44:41,308 [INFO]     -> Done
2026-07-05 12:44:43,747 [INFO]   [29/31] user-management-example-chain-restaurant-or-retail-store-with-multiple-locations.md
2026-07-05 12:44:52,877 [INFO]     -> Done
2026-07-05 12:44:55,355 [INFO]   [30/31] using-an-enterprise-network-802-1x-with-optisigns.md
2026-07-05 12:45:04,071 [INFO]     -> Done
2026-07-05 12:45:07,447 [INFO]   [31/31] using-the-japan-earthquake-app.md
2026-07-05 12:45:16,353 [INFO]     -> Done
2026-07-05 12:45:16,354 [INFO] [3/3] Summary
2026-07-05 12:45:16,354 [INFO]   Added:   0
2026-07-05 12:45:16,354 [INFO]   Updated: 31
2026-07-05 12:45:16,354 [INFO]   Deleted: 0
2026-07-05 12:45:16,354 [INFO] Pipeline complete: 31 files synced
2026-07-05 12:45:16,354 [INFO] ==================================================
2026-07-05 12:51:23,126 [INFO] ==================================================
2026-07-05 12:51:23,127 [INFO] Pipeline - Starting
2026-07-05 12:51:23,127 [INFO] [1/3] Scraping articles...
2026-07-05 12:51:25,048 [INFO]   Fetched 31 articles
2026-07-05 12:51:25,584 [INFO]   Saved to articles/
2026-07-05 12:51:25,585 [INFO] [2/3] Syncing with store...
2026-07-05 12:51:26,123 [INFO]   0 docs in store
2026-07-05 12:51:26,123 [INFO]   [1/31] chromeos-pwa-instructions.md
2026-07-05 12:51:35,697 [INFO]     -> Done
2026-07-05 12:51:35,698 [INFO]   [2/31] connect-cisco-webex-rooms-to-optisigns-digital-signage.md
2026-07-05 12:51:44,151 [INFO]     -> Done
2026-07-05 12:51:44,152 [INFO]   [3/31] connect-google-meet-hardware-to-optisigns-digital-signage.md
2026-07-05 12:51:52,767 [INFO]     -> Done
2026-07-05 12:51:52,767 [INFO]   [4/31] connect-microsoft-teams-rooms-to-optisigns-digital-signage.md
2026-07-05 12:52:01,279 [INFO]     -> Done
2026-07-05 12:52:01,279 [INFO]   [5/31] connect-zoom-rooms-to-optisigns-digital-signage.md
2026-07-05 12:52:10,922 [INFO]     -> Done
2026-07-05 12:52:10,923 [INFO]   [6/31] designer-2-0-new-features.md
2026-07-05 12:52:20,279 [INFO]     -> Done
2026-07-05 12:52:20,279 [INFO]   [7/31] disk-encryption.md
2026-07-05 12:52:28,758 [INFO]     -> Done
2026-07-05 12:52:28,759 [INFO]   [8/31] fixing-unexpected-screen-rotation-incorrect-orientation-with-optisigns-android-stick.md
2026-07-05 12:52:37,600 [INFO]     -> Done
2026-07-05 12:52:37,600 [INFO]   [9/31] getting-started-with-an-optisigns-free-trial.md
2026-07-05 12:52:47,562 [INFO]     -> Done
2026-07-05 12:52:47,562 [INFO]   [10/31] getting-started-with-designer.md
2026-07-05 12:52:56,487 [INFO]     -> Done
2026-07-05 12:52:56,488 [INFO]   [11/31] handle-oauth-authentication-using-api-gateway-pre-request-configuration.md
2026-07-05 12:53:05,219 [INFO]     -> Done
2026-07-05 12:53:05,220 [INFO]   [12/31] how-to-access-the-troubleshooting-page-of-the-optisigns-player.md
2026-07-05 12:53:14,085 [INFO]     -> Done
2026-07-05 12:53:14,086 [INFO]   [13/31] how-to-display-a-snowflake-dashboard-with-optisigns.md
2026-07-05 12:53:22,518 [INFO]     -> Done
2026-07-05 12:53:22,519 [INFO]   [14/31] how-to-play-licensed-background-music-on-digital-signs-with-optisound.md
2026-07-05 12:53:31,720 [INFO]     -> Done
2026-07-05 12:53:31,721 [INFO]   [15/31] how-to-set-up-an-outlook-calendar-app-with-shared-permissions.md
2026-07-05 12:53:40,949 [INFO]     -> Done
2026-07-05 12:53:40,949 [INFO]   [16/31] how-to-use-optisigns-with-microsoft-teams-rooms.md
2026-07-05 12:53:50,969 [INFO]     -> Done
2026-07-05 12:53:50,969 [INFO]   [17/31] how-to-use-the-google-ads-dashboard-app.md
2026-07-05 12:53:59,952 [INFO]     -> Done
2026-07-05 12:53:59,952 [INFO]   [18/31] how-to-use-the-google-search-console-app.md
2026-07-05 12:54:09,094 [INFO]     -> Done
2026-07-05 12:54:09,094 [INFO]   [19/31] how-to-use-the-optidev-app.md
2026-07-05 12:54:18,271 [INFO]     -> Done
2026-07-05 12:54:18,271 [INFO]   [20/31] how-to-use-the-tableau-app.md
2026-07-05 12:54:26,715 [INFO]     -> Done
2026-07-05 12:54:26,715 [INFO]   [21/31] how-to-use-the-youtube-dashboard-app.md
2026-07-05 12:54:35,383 [INFO]     -> Done
2026-07-05 12:54:35,383 [INFO]   [22/31] how-to-use-youtube-with-optisigns.md
2026-07-05 12:54:43,984 [INFO]     -> Done
2026-07-05 12:54:43,984 [INFO]   [23/31] operational-schedule-troubleshooting.md
2026-07-05 12:54:53,126 [INFO]     -> Done
2026-07-05 12:54:53,126 [INFO]   [24/31] optisigns-digital-signage-app-for-zoom-adding-using-and-removing-the-app.md
2026-07-05 12:55:01,704 [INFO]     -> Done
2026-07-05 12:55:01,705 [INFO]   [25/31] optisigns-pro-promax-player-troubleshooting-guide.md
2026-07-05 12:55:11,044 [INFO]     -> Done
2026-07-05 12:55:11,044 [INFO]   [26/31] optistick-troubleshooting-guide.md
2026-07-05 12:55:20,069 [INFO]     -> Done
2026-07-05 12:55:20,069 [INFO]   [27/31] room-integrations-turn-your-meeting-rooms-into-digital-signage.md
2026-07-05 12:55:29,159 [INFO]     -> Done
2026-07-05 12:55:29,160 [INFO]   [28/31] tagging-in-optisigns.md
2026-07-05 12:55:37,650 [INFO]     -> Done
2026-07-05 12:55:37,650 [INFO]   [29/31] user-management-example-chain-restaurant-or-retail-store-with-multiple-locations.md
2026-07-05 12:55:46,388 [INFO]     -> Done
2026-07-05 12:55:46,388 [INFO]   [30/31] using-an-enterprise-network-802-1x-with-optisigns.md
2026-07-05 12:55:55,963 [INFO]     -> Done
2026-07-05 12:55:55,963 [INFO]   [31/31] using-the-japan-earthquake-app.md
2026-07-05 12:56:04,752 [INFO]     -> Done
2026-07-05 12:56:04,752 [INFO] [3/3] Summary
2026-07-05 12:56:04,752 [INFO]   Added:   31
2026-07-05 12:56:04,753 [INFO]   Updated: 0
2026-07-05 12:56:04,753 [INFO]   Deleted: 0
2026-07-05 12:56:04,753 [INFO] Pipeline complete: 31 files synced
2026-07-05 12:56:04,754 [INFO] ==================================================
2026-07-05 12:56:22,611 [INFO] ==================================================
2026-07-05 12:56:22,611 [INFO] Pipeline - Starting
2026-07-05 12:56:22,612 [INFO] [1/3] Scraping articles...
2026-07-05 12:56:23,698 [INFO]   Fetched 31 articles
2026-07-05 12:56:24,393 [INFO]   Saved to articles/
2026-07-05 12:56:24,393 [INFO] [2/3] Syncing with store...
2026-07-05 12:56:26,284 [INFO]   31 docs in store
2026-07-05 12:56:27,932 [INFO]   [1/31] chromeos-pwa-instructions.md
2026-07-05 12:56:36,434 [INFO]     -> Done
2026-07-05 12:56:37,704 [INFO]   [2/31] connect-cisco-webex-rooms-to-optisigns-digital-signage.md
2026-07-05 12:56:46,307 [INFO]     -> Done
2026-07-05 12:56:48,106 [INFO]   [3/31] connect-google-meet-hardware-to-optisigns-digital-signage.md
2026-07-05 12:56:56,906 [INFO]     -> Done
2026-07-05 12:56:58,668 [INFO]   [4/31] connect-microsoft-teams-rooms-to-optisigns-digital-signage.md
2026-07-05 12:57:07,082 [INFO]     -> Done
2026-07-05 12:57:09,306 [INFO]   [5/31] connect-zoom-rooms-to-optisigns-digital-signage.md
2026-07-05 12:57:18,316 [INFO]     -> Done
2026-07-05 12:57:20,094 [INFO]   [6/31] designer-2-0-new-features.md
2026-07-05 12:57:28,741 [INFO]     -> Done
2026-07-05 12:57:30,033 [INFO]   [7/31] disk-encryption.md
2026-07-05 12:57:39,127 [INFO]     -> Done
2026-07-05 12:57:40,273 [INFO]   [8/31] fixing-unexpected-screen-rotation-incorrect-orientation-with-optisigns-android-stick.md
2026-07-05 12:57:48,869 [INFO]     -> Done
2026-07-05 12:57:50,009 [INFO]   [9/31] getting-started-with-an-optisigns-free-trial.md
2026-07-05 12:57:58,934 [INFO]     -> Done
2026-07-05 12:58:00,694 [INFO]   [10/31] getting-started-with-designer.md
2026-07-05 12:58:09,377 [INFO]     -> Done
2026-07-05 12:58:11,013 [INFO]   [11/31] handle-oauth-authentication-using-api-gateway-pre-request-configuration.md
2026-07-05 12:58:20,041 [INFO]     -> Done
2026-07-05 12:58:21,767 [INFO]   [12/31] how-to-access-the-troubleshooting-page-of-the-optisigns-player.md
2026-07-05 12:58:30,798 [INFO]     -> Done
2026-07-05 12:58:33,010 [INFO]   [13/31] how-to-display-a-snowflake-dashboard-with-optisigns.md
2026-07-05 12:58:41,271 [INFO]     -> Done
2026-07-05 12:58:43,013 [INFO]   [14/31] how-to-play-licensed-background-music-on-digital-signs-with-optisound.md
2026-07-05 12:58:51,439 [INFO]     -> Done
2026-07-05 12:58:52,564 [INFO]   [15/31] how-to-set-up-an-outlook-calendar-app-with-shared-permissions.md
2026-07-05 12:59:01,986 [INFO]     -> Done
2026-07-05 12:59:04,243 [INFO]   [16/31] how-to-use-optisigns-with-microsoft-teams-rooms.md
2026-07-05 12:59:13,080 [INFO]     -> Done
2026-07-05 12:59:14,236 [INFO]   [17/31] how-to-use-the-google-ads-dashboard-app.md
2026-07-05 12:59:23,438 [INFO]     -> Done
2026-07-05 12:59:25,589 [INFO]   [18/31] how-to-use-the-google-search-console-app.md
2026-07-05 12:59:34,451 [INFO]     -> Done
2026-07-05 12:59:36,689 [INFO]   [19/31] how-to-use-the-optidev-app.md
2026-07-05 12:59:45,545 [INFO]     -> Done
2026-07-05 12:59:47,901 [INFO]   [20/31] how-to-use-the-tableau-app.md
2026-07-05 12:59:56,342 [INFO]     -> Done
2026-07-05 12:59:57,477 [INFO]   [21/31] how-to-use-the-youtube-dashboard-app.md
2026-07-05 13:00:06,339 [INFO]     -> Done
2026-07-05 13:00:08,634 [INFO]   [22/31] how-to-use-youtube-with-optisigns.md
2026-07-05 13:00:17,068 [INFO]     -> Done
2026-07-05 13:00:18,948 [INFO]   [23/31] operational-schedule-troubleshooting.md
2026-07-05 13:00:27,419 [INFO]     -> Done
2026-07-05 13:00:28,622 [INFO]   [24/31] optisigns-digital-signage-app-for-zoom-adding-using-and-removing-the-app.md
2026-07-05 13:00:38,183 [INFO]     -> Done
2026-07-05 13:00:40,094 [INFO]   [25/31] optisigns-pro-promax-player-troubleshooting-guide.md
2026-07-05 13:00:48,620 [INFO]     -> Done
2026-07-05 13:00:50,406 [INFO]   [26/31] optistick-troubleshooting-guide.md
2026-07-05 13:00:59,370 [INFO]     -> Done
2026-07-05 13:01:01,170 [INFO]   [27/31] room-integrations-turn-your-meeting-rooms-into-digital-signage.md
2026-07-05 13:01:10,162 [INFO]     -> Done
2026-07-05 13:01:12,452 [INFO]   [28/31] tagging-in-optisigns.md
2026-07-05 13:01:21,639 [INFO]     -> Done
2026-07-05 13:01:22,873 [INFO]   [29/31] user-management-example-chain-restaurant-or-retail-store-with-multiple-locations.md
2026-07-05 13:01:31,778 [INFO]     -> Done
2026-07-05 13:01:34,048 [INFO]   [30/31] using-an-enterprise-network-802-1x-with-optisigns.md
2026-07-05 13:01:43,526 [INFO]     -> Done
2026-07-05 13:01:45,720 [INFO]   [31/31] using-the-japan-earthquake-app.md
2026-07-05 13:01:54,737 [INFO]     -> Done
2026-07-05 13:01:54,737 [INFO] [3/3] Summary
2026-07-05 13:01:54,738 [INFO]   Added:   0
2026-07-05 13:01:54,738 [INFO]   Updated: 31
2026-07-05 13:01:54,738 [INFO]   Deleted: 0
2026-07-05 13:01:54,738 [INFO] Pipeline complete: 31 files synced
2026-07-05 13:01:54,738 [INFO] ==================================================
2026-07-05 13:04:41,162 [INFO] ==================================================
2026-07-05 13:04:41,162 [INFO] Pipeline - Starting
2026-07-05 13:04:41,162 [INFO] [1/4] Scraping articles...
2026-07-05 13:04:42,281 [INFO]   Fetched 31 articles
2026-07-05 13:04:42,895 [INFO]   Saved to articles/
2026-07-05 13:04:42,895 [INFO] [2/4] Detecting changes...
2026-07-05 13:04:43,135 [INFO]   0 added, 31 updated, 0 skipped
2026-07-05 13:04:43,136 [INFO] [3/4] Uploading 31 files...
2026-07-05 13:04:46,980 [INFO]   [1/31] chromeos-pwa-instructions.md
2026-07-05 13:04:55,648 [INFO]     -> Done
2026-07-05 13:04:57,727 [INFO]   [2/31] connect-cisco-webex-rooms-to-optisigns-digital-signage.md
2026-07-05 13:05:06,679 [INFO]     -> Done
2026-07-05 13:05:08,397 [INFO]   [3/31] connect-google-meet-hardware-to-optisigns-digital-signage.md
2026-07-05 13:05:17,671 [INFO]     -> Done
2026-07-05 13:05:18,880 [INFO]   [4/31] connect-microsoft-teams-rooms-to-optisigns-digital-signage.md
2026-07-05 13:05:28,220 [INFO]     -> Done
2026-07-05 13:05:29,431 [INFO]   [5/31] connect-zoom-rooms-to-optisigns-digital-signage.md
2026-07-05 13:05:38,686 [INFO]     -> Done
2026-07-05 13:05:40,462 [INFO]   [6/31] designer-2-0-new-features.md
2026-07-05 13:05:49,283 [INFO]     -> Done
2026-07-05 13:05:50,955 [INFO]   [7/31] disk-encryption.md
2026-07-05 13:06:00,030 [INFO]     -> Done
2026-07-05 13:06:01,739 [INFO]   [8/31] fixing-unexpected-screen-rotation-incorrect-orientation-with-optisigns-android-stick.md
2026-07-05 13:06:10,448 [INFO]     -> Done
2026-07-05 13:06:12,132 [INFO]   [9/31] getting-started-with-an-optisigns-free-trial.md
2026-07-05 13:06:21,204 [INFO]     -> Done
2026-07-05 13:06:23,031 [INFO]   [10/31] getting-started-with-designer.md
2026-07-05 13:06:32,280 [INFO]     -> Done
2026-07-05 13:06:33,417 [INFO]   [11/31] handle-oauth-authentication-using-api-gateway-pre-request-configuration.md
2026-07-05 13:06:42,825 [INFO]     -> Done
2026-07-05 13:06:43,976 [INFO]   [12/31] how-to-access-the-troubleshooting-page-of-the-optisigns-player.md
2026-07-05 13:06:52,911 [INFO]     -> Done
2026-07-05 13:06:54,556 [INFO]   [13/31] how-to-display-a-snowflake-dashboard-with-optisigns.md
2026-07-05 13:07:03,596 [INFO]     -> Done
2026-07-05 13:07:04,751 [INFO]   [14/31] how-to-play-licensed-background-music-on-digital-signs-with-optisound.md
2026-07-05 13:07:13,000 [INFO]     -> Done
2026-07-05 13:07:14,164 [INFO]   [15/31] how-to-set-up-an-outlook-calendar-app-with-shared-permissions.md
2026-07-05 13:07:23,189 [INFO]     -> Done
2026-07-05 13:07:24,935 [INFO]   [16/31] how-to-use-optisigns-with-microsoft-teams-rooms.md
2026-07-05 13:07:33,856 [INFO]     -> Done
2026-07-05 13:07:35,562 [INFO]   [17/31] how-to-use-the-google-ads-dashboard-app.md
2026-07-05 13:07:43,928 [INFO]     -> Done
2026-07-05 13:07:46,095 [INFO]   [18/31] how-to-use-the-google-search-console-app.md
2026-07-05 13:07:54,414 [INFO]     -> Done
2026-07-05 13:07:56,047 [INFO]   [19/31] how-to-use-the-optidev-app.md
2026-07-05 13:08:05,277 [INFO]     -> Done
2026-07-05 13:08:07,009 [INFO]   [20/31] how-to-use-the-tableau-app.md
2026-07-05 13:08:15,848 [INFO]     -> Done
2026-07-05 13:08:18,057 [INFO]   [21/31] how-to-use-the-youtube-dashboard-app.md
2026-07-05 13:08:27,021 [INFO]     -> Done
2026-07-05 13:08:28,777 [INFO]   [22/31] how-to-use-youtube-with-optisigns.md
2026-07-05 13:08:38,009 [INFO]     -> Done
2026-07-05 13:08:39,751 [INFO]   [23/31] operational-schedule-troubleshooting.md
2026-07-05 13:08:47,996 [INFO]     -> Done
2026-07-05 13:08:49,173 [INFO]   [24/31] optisigns-digital-signage-app-for-zoom-adding-using-and-removing-the-app.md
2026-07-05 13:08:57,866 [INFO]     -> Done
2026-07-05 13:08:59,535 [INFO]   [25/31] optisigns-pro-promax-player-troubleshooting-guide.md
2026-07-05 13:09:08,679 [INFO]     -> Done
2026-07-05 13:09:09,882 [INFO]   [26/31] optistick-troubleshooting-guide.md
2026-07-05 13:09:19,359 [INFO]     -> Done
2026-07-05 13:09:20,593 [INFO]   [27/31] room-integrations-turn-your-meeting-rooms-into-digital-signage.md
2026-07-05 13:09:29,622 [INFO]     -> Done
2026-07-05 13:09:30,816 [INFO]   [28/31] tagging-in-optisigns.md
2026-07-05 13:09:39,800 [INFO]     -> Done
2026-07-05 13:09:40,994 [INFO]   [29/31] user-management-example-chain-restaurant-or-retail-store-with-multiple-locations.md
2026-07-05 13:09:49,888 [INFO]     -> Done
2026-07-05 13:09:51,566 [INFO]   [30/31] using-an-enterprise-network-802-1x-with-optisigns.md
2026-07-05 13:10:00,660 [INFO]     -> Done
2026-07-05 13:10:02,337 [INFO]   [31/31] using-the-japan-earthquake-app.md
2026-07-05 13:10:12,255 [INFO]     -> Done
2026-07-05 13:10:12,255 [INFO] [4/4] Saving hashes...
2026-07-05 13:10:12,255 [INFO]   Saved 31 records to hashes.json
2026-07-05 13:10:12,256 [INFO] Pipeline complete: 31 files uploaded
2026-07-05 13:10:12,256 [INFO] ==================================================
2026-07-05 13:14:02,482 [INFO] ==================================================
2026-07-05 13:14:02,482 [INFO] Pipeline - Starting
2026-07-05 13:14:02,483 [INFO] [1/4] Scraping articles...
2026-07-05 13:14:03,606 [INFO]   Fetched 31 articles
2026-07-05 13:14:04,122 [INFO]   Saved to articles/
2026-07-05 13:14:04,122 [INFO] [2/4] Detecting changes...
2026-07-05 13:14:04,373 [INFO]   31 added, 0 updated, 0 skipped
2026-07-05 13:14:04,374 [INFO] [3/4] Uploading 31 files...
2026-07-05 13:14:04,374 [INFO]   [1/31] chromeos-pwa-instructions.md
2026-07-05 13:14:13,353 [INFO]     -> Done (None)
2026-07-05 13:14:13,353 [INFO]   [2/31] connect-cisco-webex-rooms-to-optisigns-digital-signage.md
2026-07-05 13:14:22,830 [INFO]     -> Done (None)
2026-07-05 13:14:22,830 [INFO]   [3/31] connect-google-meet-hardware-to-optisigns-digital-signage.md
2026-07-05 13:14:31,705 [INFO]     -> Done (None)
2026-07-05 13:14:31,706 [INFO]   [4/31] connect-microsoft-teams-rooms-to-optisigns-digital-signage.md
2026-07-05 13:14:40,192 [INFO]     -> Done (None)
2026-07-05 13:14:40,192 [INFO]   [5/31] connect-zoom-rooms-to-optisigns-digital-signage.md
2026-07-05 13:14:49,623 [INFO]     -> Done (None)
2026-07-05 13:14:49,623 [INFO]   [6/31] designer-2-0-new-features.md
2026-07-05 13:14:58,909 [INFO]     -> Done (None)
2026-07-05 13:14:58,910 [INFO]   [7/31] disk-encryption.md
2026-07-05 13:15:07,851 [INFO]     -> Done (None)
2026-07-05 13:15:07,851 [INFO]   [8/31] fixing-unexpected-screen-rotation-incorrect-orientation-with-optisigns-android-stick.md
2026-07-05 13:15:16,076 [INFO]     -> Done (None)
2026-07-05 13:15:16,076 [INFO]   [9/31] getting-started-with-an-optisigns-free-trial.md
2026-07-05 13:15:25,215 [INFO]     -> Done (None)
2026-07-05 13:15:25,215 [INFO]   [10/31] getting-started-with-designer.md
2026-07-05 13:15:33,760 [INFO]     -> Done (None)
2026-07-05 13:15:33,760 [INFO]   [11/31] handle-oauth-authentication-using-api-gateway-pre-request-configuration.md
2026-07-05 13:15:42,053 [INFO]     -> Done (None)
2026-07-05 13:15:42,054 [INFO]   [12/31] how-to-access-the-troubleshooting-page-of-the-optisigns-player.md
2026-07-05 13:15:51,323 [INFO]     -> Done (None)
2026-07-05 13:15:51,323 [INFO]   [13/31] how-to-display-a-snowflake-dashboard-with-optisigns.md
2026-07-05 13:16:00,434 [INFO]     -> Done (None)
2026-07-05 13:16:00,434 [INFO]   [14/31] how-to-play-licensed-background-music-on-digital-signs-with-optisound.md
2026-07-05 13:16:09,452 [INFO]     -> Done (None)
2026-07-05 13:16:09,453 [INFO]   [15/31] how-to-set-up-an-outlook-calendar-app-with-shared-permissions.md
2026-07-05 13:16:17,791 [INFO]     -> Done (None)
2026-07-05 13:16:17,791 [INFO]   [16/31] how-to-use-optisigns-with-microsoft-teams-rooms.md
2026-07-05 13:16:26,597 [INFO]     -> Done (None)
2026-07-05 13:16:26,597 [INFO]   [17/31] how-to-use-the-google-ads-dashboard-app.md
2026-07-05 13:16:35,673 [INFO]     -> Done (None)
2026-07-05 13:16:35,673 [INFO]   [18/31] how-to-use-the-google-search-console-app.md
2026-07-05 13:16:44,977 [INFO]     -> Done (None)
2026-07-05 13:16:44,977 [INFO]   [19/31] how-to-use-the-optidev-app.md
2026-07-05 13:16:53,482 [INFO]     -> Done (None)
2026-07-05 13:16:53,482 [INFO]   [20/31] how-to-use-the-tableau-app.md
2026-07-05 13:17:02,187 [INFO]     -> Done (None)
2026-07-05 13:17:02,188 [INFO]   [21/31] how-to-use-the-youtube-dashboard-app.md
2026-07-05 13:17:11,137 [INFO]     -> Done (None)
2026-07-05 13:17:11,137 [INFO]   [22/31] how-to-use-youtube-with-optisigns.md
2026-07-05 13:17:20,012 [INFO]     -> Done (None)
2026-07-05 13:17:20,012 [INFO]   [23/31] operational-schedule-troubleshooting.md
2026-07-05 13:17:28,355 [INFO]     -> Done (None)
2026-07-05 13:17:28,355 [INFO]   [24/31] optisigns-digital-signage-app-for-zoom-adding-using-and-removing-the-app.md
2026-07-05 13:17:37,587 [INFO]     -> Done (None)
2026-07-05 13:17:37,587 [INFO]   [25/31] optisigns-pro-promax-player-troubleshooting-guide.md
2026-07-05 13:17:46,830 [INFO]     -> Done (None)
2026-07-05 13:17:46,830 [INFO]   [26/31] optistick-troubleshooting-guide.md
2026-07-05 13:17:55,871 [INFO]     -> Done (None)
2026-07-05 13:17:55,872 [INFO]   [27/31] room-integrations-turn-your-meeting-rooms-into-digital-signage.md
2026-07-05 13:18:04,381 [INFO]     -> Done (None)
2026-07-05 13:18:04,382 [INFO]   [28/31] tagging-in-optisigns.md
2026-07-05 13:18:13,624 [INFO]     -> Done (None)
2026-07-05 13:18:13,624 [INFO]   [29/31] user-management-example-chain-restaurant-or-retail-store-with-multiple-locations.md
2026-07-05 13:18:22,567 [INFO]     -> Done (None)
2026-07-05 13:18:22,567 [INFO]   [30/31] using-an-enterprise-network-802-1x-with-optisigns.md
2026-07-05 13:18:31,952 [INFO]     -> Done (None)
2026-07-05 13:18:31,952 [INFO]   [31/31] using-the-japan-earthquake-app.md
2026-07-05 13:18:40,312 [INFO]     -> Done (None)
2026-07-05 13:18:40,313 [INFO] [4/4] Saving hashes...
2026-07-05 13:18:40,314 [INFO]   Saved 31 records to hashes.json
2026-07-05 13:18:40,314 [INFO] Pipeline complete: 31 files uploaded
2026-07-05 13:18:40,315 [INFO] ==================================================
2026-07-05 13:20:20,263 [INFO] ==================================================
2026-07-05 13:20:20,264 [INFO] Pipeline - Starting
2026-07-05 13:20:20,264 [INFO] [1/4] Scraping articles...
2026-07-05 13:20:21,332 [INFO]   Fetched 31 articles
2026-07-05 13:20:21,763 [INFO]   Saved 31 markdown files
2026-07-05 13:20:21,764 [INFO] [2/4] Detecting changes...
2026-07-05 13:20:21,972 [INFO]   31 added, 0 updated, 0 skipped
2026-07-05 13:20:21,972 [INFO] [3/4] Uploading 31 files to fileSearchStores/ukulelefilesearchstore-xacvz396r7kw...
2026-07-05 13:20:21,972 [INFO]   [1/31] chromeos-pwa-instructions.md
2026-07-05 13:20:30,873 [INFO]     -> Done (fileSearchStores/ukulelefilesearchstore-xacvz396r7kw/documents/chromeospwainstructionsmd-37xmlbli71xe)
2026-07-05 13:20:30,873 [INFO]   [2/31] connect-cisco-webex-rooms-to-optisigns-digital-signage.md
2026-07-05 13:20:40,715 [INFO]     -> Done (fileSearchStores/ukulelefilesearchstore-xacvz396r7kw/documents/connectciscowebexroomstoopt-ptt7r347zwlb)
2026-07-05 13:20:40,715 [INFO]   [3/31] connect-google-meet-hardware-to-optisigns-digital-signage.md
2026-07-05 13:20:49,767 [INFO]     -> Done (fileSearchStores/ukulelefilesearchstore-xacvz396r7kw/documents/connectgooglemeethardwareto-hxiqrz3c4poz)
2026-07-05 13:20:49,768 [INFO]   [4/31] connect-microsoft-teams-rooms-to-optisigns-digital-signage.md
2026-07-05 13:20:58,770 [INFO]     -> Done (fileSearchStores/ukulelefilesearchstore-xacvz396r7kw/documents/connectmicrosoftteamsroomst-gs0jgtblq3cb)
2026-07-05 13:20:58,770 [INFO]   [5/31] connect-zoom-rooms-to-optisigns-digital-signage.md
2026-07-05 13:21:07,368 [INFO]     -> Done (fileSearchStores/ukulelefilesearchstore-xacvz396r7kw/documents/connectzoomroomstooptisigns-crehqpqioyzl)
2026-07-05 13:21:07,369 [INFO]   [6/31] designer-2-0-new-features.md
2026-07-05 13:21:16,832 [INFO]     -> Done (fileSearchStores/ukulelefilesearchstore-xacvz396r7kw/documents/designer20newfeaturesmd-tg7w8pzefm9o)
2026-07-05 13:21:16,832 [INFO]   [7/31] disk-encryption.md
2026-07-05 13:21:25,425 [INFO]     -> Done (fileSearchStores/ukulelefilesearchstore-xacvz396r7kw/documents/diskencryptionmd-m7k85a0cnsca)
2026-07-05 13:21:25,425 [INFO]   [8/31] fixing-unexpected-screen-rotation-incorrect-orientation-with-optisigns-android-stick.md
2026-07-05 13:21:34,395 [INFO]     -> Done (fileSearchStores/ukulelefilesearchstore-xacvz396r7kw/documents/fixingunexpectedscreenrotat-ix6xjn30tkk2)
2026-07-05 13:21:34,395 [INFO]   [9/31] getting-started-with-an-optisigns-free-trial.md
2026-07-05 13:21:43,592 [INFO]     -> Done (fileSearchStores/ukulelefilesearchstore-xacvz396r7kw/documents/gettingstartedwithanoptisig-3xiflu3pwzqg)
2026-07-05 13:21:43,593 [INFO]   [10/31] getting-started-with-designer.md
2026-07-05 13:21:52,549 [INFO]     -> Done (fileSearchStores/ukulelefilesearchstore-xacvz396r7kw/documents/gettingstartedwithdesignerm-kyw4i7ycbzi4)
2026-07-05 13:21:52,549 [INFO]   [11/31] handle-oauth-authentication-using-api-gateway-pre-request-configuration.md
2026-07-05 13:22:02,022 [INFO]     -> Done (fileSearchStores/ukulelefilesearchstore-xacvz396r7kw/documents/handleoauthauthenticationus-19pym6u8aw1i)
2026-07-05 13:22:02,022 [INFO]   [12/31] how-to-access-the-troubleshooting-page-of-the-optisigns-player.md
2026-07-05 13:22:11,311 [INFO]     -> Done (fileSearchStores/ukulelefilesearchstore-xacvz396r7kw/documents/howtoaccessthetroubleshooti-zaefowfo921l)
2026-07-05 13:22:11,312 [INFO]   [13/31] how-to-display-a-snowflake-dashboard-with-optisigns.md
2026-07-05 13:22:20,260 [INFO]     -> Done (fileSearchStores/ukulelefilesearchstore-xacvz396r7kw/documents/howtodisplayasnowflakedashb-ojcq53oh6kk1)
2026-07-05 13:22:20,261 [INFO]   [14/31] how-to-play-licensed-background-music-on-digital-signs-with-optisound.md
2026-07-05 13:22:29,877 [INFO]     -> Done (fileSearchStores/ukulelefilesearchstore-xacvz396r7kw/documents/howtoplaylicensedbackground-rd2g5yuhk4rx)
2026-07-05 13:22:29,877 [INFO]   [15/31] how-to-set-up-an-outlook-calendar-app-with-shared-permissions.md
2026-07-05 13:22:39,468 [INFO]     -> Done (fileSearchStores/ukulelefilesearchstore-xacvz396r7kw/documents/howtosetupanoutlookcalendar-u9qmtqdl6gnp)
2026-07-05 13:22:39,468 [INFO]   [16/31] how-to-use-optisigns-with-microsoft-teams-rooms.md
2026-07-05 13:22:49,509 [INFO]     -> Done (fileSearchStores/ukulelefilesearchstore-xacvz396r7kw/documents/howtouseoptisignswithmicros-09b0eu37kbar)
2026-07-05 13:22:49,510 [INFO]   [17/31] how-to-use-the-google-ads-dashboard-app.md
2026-07-05 13:22:59,160 [INFO]     -> Done (fileSearchStores/ukulelefilesearchstore-xacvz396r7kw/documents/howtousethegoogleadsdashboa-00v8w3pn1q5k)
2026-07-05 13:22:59,160 [INFO]   [18/31] how-to-use-the-google-search-console-app.md
2026-07-05 13:23:08,213 [INFO]     -> Done (fileSearchStores/ukulelefilesearchstore-xacvz396r7kw/documents/howtousethegooglesearchcons-vfp5py3rmcyb)
2026-07-05 13:23:08,213 [INFO]   [19/31] how-to-use-the-optidev-app.md
2026-07-05 13:23:17,479 [INFO]     -> Done (fileSearchStores/ukulelefilesearchstore-xacvz396r7kw/documents/howtousetheoptidevappmd-0v1jk0mtenc0)
2026-07-05 13:23:17,479 [INFO]   [20/31] how-to-use-the-tableau-app.md
2026-07-05 13:23:27,181 [INFO]     -> Done (fileSearchStores/ukulelefilesearchstore-xacvz396r7kw/documents/howtousethetableauappmd-wn6y8bn7bdm7)
2026-07-05 13:23:27,181 [INFO]   [21/31] how-to-use-the-youtube-dashboard-app.md
2026-07-05 13:23:36,732 [INFO]     -> Done (fileSearchStores/ukulelefilesearchstore-xacvz396r7kw/documents/howtousetheyoutubedashboard-3f2uyprcet59)
2026-07-05 13:23:36,732 [INFO]   [22/31] how-to-use-youtube-with-optisigns.md
2026-07-05 13:23:46,781 [INFO]     -> Done (fileSearchStores/ukulelefilesearchstore-xacvz396r7kw/documents/howtouseyoutubewithoptisign-ftcwt58g0bdi)
2026-07-05 13:23:46,781 [INFO]   [23/31] operational-schedule-troubleshooting.md
2026-07-05 13:23:56,786 [INFO]     -> Done (fileSearchStores/ukulelefilesearchstore-xacvz396r7kw/documents/operationalscheduletroubles-cfampbr6ig8t)
2026-07-05 13:23:56,786 [INFO]   [24/31] optisigns-digital-signage-app-for-zoom-adding-using-and-removing-the-app.md
2026-07-05 13:24:06,777 [INFO]     -> Done (fileSearchStores/ukulelefilesearchstore-xacvz396r7kw/documents/optisignsdigitalsignageappf-ks10jdmlmcvt)
2026-07-05 13:24:06,777 [INFO]   [25/31] optisigns-pro-promax-player-troubleshooting-guide.md
2026-07-05 13:24:17,346 [INFO]     -> Done (fileSearchStores/ukulelefilesearchstore-xacvz396r7kw/documents/optisignspropromaxplayertro-zm6rmy8wvl41)
2026-07-05 13:24:17,347 [INFO]   [26/31] optistick-troubleshooting-guide.md
2026-07-05 13:24:27,174 [INFO]     -> Done (fileSearchStores/ukulelefilesearchstore-xacvz396r7kw/documents/optisticktroubleshootinggui-pvbn1478mop1)
2026-07-05 13:24:27,175 [INFO]   [27/31] room-integrations-turn-your-meeting-rooms-into-digital-signage.md
2026-07-05 13:24:36,862 [INFO]     -> Done (fileSearchStores/ukulelefilesearchstore-xacvz396r7kw/documents/roomintegrationsturnyourmee-zi8szo7afosl)
2026-07-05 13:24:36,862 [INFO]   [28/31] tagging-in-optisigns.md
2026-07-05 13:24:46,525 [INFO]     -> Done (fileSearchStores/ukulelefilesearchstore-xacvz396r7kw/documents/tagginginoptisignsmd-0a5120gkct73)
2026-07-05 13:24:46,525 [INFO]   [29/31] user-management-example-chain-restaurant-or-retail-store-with-multiple-locations.md
2026-07-05 13:24:56,640 [INFO]     -> Done (fileSearchStores/ukulelefilesearchstore-xacvz396r7kw/documents/usermanagementexamplechainr-mf7yow6lvjbj)
2026-07-05 13:24:56,640 [INFO]   [30/31] using-an-enterprise-network-802-1x-with-optisigns.md
2026-07-05 13:25:06,611 [INFO]     -> Done (fileSearchStores/ukulelefilesearchstore-xacvz396r7kw/documents/usinganenterprisenetwork802-37nfm5bke6s5)
2026-07-05 13:25:06,611 [INFO]   [31/31] using-the-japan-earthquake-app.md
2026-07-05 13:25:17,522 [INFO]     -> Done (fileSearchStores/ukulelefilesearchstore-xacvz396r7kw/documents/usingthejapanearthquakeappm-ra80wsmnrzzz)
2026-07-05 13:25:17,522 [INFO] [4/4] Saving hashes...
2026-07-05 13:25:17,524 [INFO]   Saved 31 records to hashes.json
2026-07-05 13:25:17,524 [INFO] Pipeline complete: 31 files uploaded
2026-07-05 13:25:17,524 [INFO] ==================================================
2026-07-05 13:25:35,538 [INFO] ==================================================
2026-07-05 13:25:35,538 [INFO] Pipeline - Starting
2026-07-05 13:25:35,538 [INFO] [1/4] Scraping articles...
2026-07-05 13:25:36,625 [INFO]   Fetched 31 articles
2026-07-05 13:25:37,071 [INFO]   Saved 31 markdown files
2026-07-05 13:25:37,071 [INFO] [2/4] Detecting changes...
2026-07-05 13:25:37,281 [INFO]   0 added, 0 updated, 31 skipped
2026-07-05 13:25:37,281 [INFO] [3/4] Uploading 0 files to fileSearchStores/ukulelefilesearchstore-xacvz396r7kw...
2026-07-05 13:25:37,281 [INFO] [4/4] Saving hashes...
2026-07-05 13:25:37,282 [INFO]   Saved 31 records to hashes.json
2026-07-05 13:25:37,282 [INFO] Pipeline complete: 0 files uploaded
2026-07-05 13:25:37,282 [INFO] ==================================================
2026-07-05 13:25:51,574 [INFO] ==================================================
2026-07-05 13:25:51,574 [INFO] Pipeline - Starting
2026-07-05 13:25:51,574 [INFO] [1/4] Scraping articles...
2026-07-05 13:25:52,351 [INFO]   Fetched 31 articles
2026-07-05 13:25:52,869 [INFO]   Saved 31 markdown files
2026-07-05 13:25:52,870 [INFO] [2/4] Detecting changes...
2026-07-05 13:25:54,829 [INFO]     Deleted old: fileSearchStores/ukulelefilesearchstore-xacvz396r7kw/documents/howtosetupanoutlookcalendar-u9qmtqdl6gnp
2026-07-05 13:25:54,946 [INFO]   0 added, 1 updated, 30 skipped
2026-07-05 13:25:54,946 [INFO] [3/4] Uploading 1 files to fileSearchStores/ukulelefilesearchstore-xacvz396r7kw...
2026-07-05 13:25:54,947 [INFO]   [1/1] how-to-set-up-an-outlook-calendar-app-with-shared-permissions.md
2026-07-05 13:26:04,885 [INFO]     -> Done (fileSearchStores/ukulelefilesearchstore-xacvz396r7kw/documents/howtosetupanoutlookcalendar-ikhsfmv0njak)
2026-07-05 13:26:04,885 [INFO] [4/4] Saving hashes...
2026-07-05 13:26:04,886 [INFO]   Saved 31 records to hashes.json
2026-07-05 13:26:04,886 [INFO] Pipeline complete: 1 files uploaded
2026-07-05 13:26:04,886 [INFO] ==================================================
2026-07-05 06:52:18,315 [INFO] ==================================================
2026-07-05 06:52:18,315 [INFO] Pipeline - Starting
2026-07-05 06:52:18,316 [INFO] [1/4] Scraping articles...
2026-07-05 06:52:19,084 [INFO]   Fetched 31 articles
2026-07-05 06:52:19,472 [INFO]   Saved 31 markdown files
2026-07-05 06:52:19,473 [INFO] [2/4] Detecting changes...
2026-07-05 06:52:19,478 [INFO]   0 added, 0 updated, 31 skipped
2026-07-05 06:52:19,479 [INFO] [3/4] Uploading 0 files to fileSearchStores/ukulelefilesearchstore-xacvz396r7kw...
2026-07-05 06:52:19,479 [INFO] [4/4] Saving hashes...
2026-07-05 06:52:19,482 [INFO]   Saved 31 records to hashes.json
2026-07-05 06:52:19,483 [INFO] Pipeline complete: 0 files uploaded
2026-07-05 06:52:19,483 [INFO] ==================================================
